#
# There is insufficient memory for the Java Runtime Environment to continue.
# Native memory allocation (mmap) failed to map 130023424 bytes for G1 virtual space
# Possible reasons:
#   The system is out of physical RAM or swap space
#   The process is running with CompressedOops enabled, and the Java Heap may be blocking the growth of the native heap
# Possible solutions:
#   Reduce memory load on the system
#   Increase physical memory or swap space
#   Check if swap backing store is full
#   Decrease Java heap size (-Xmx/-Xms)
#   Decrease number of Java threads
#   Decrease Java thread stack sizes (-Xss)
#   Set larger code cache with -XX:ReservedCodeCacheSize=
#   JVM is running with Unscaled Compressed Oops mode in which the Java heap is
#     placed in the first 4GB address space. The Java Heap base address is the
#     maximum limit for the native heap growth. Please use -XX:HeapBaseMinAddress
#     to set the Java Heap base and to place the Java Heap above 4GB virtual address.
# This output file may be truncated or incomplete.
#
#  Out of Memory Error (os_windows.cpp:3550), pid=19816, tid=34512
#
# JRE version:  (17.0.8+9) (build )
# Java VM: Java HotSpot(TM) 64-Bit Server VM (17.0.8+9-LTS-211, mixed mode, sharing, tiered, compressed oops, compressed class ptrs, g1 gc, windows-amd64)
# No core dump will be written. Minidumps are not enabled by default on client versions of Windows
#

---------------  S U M M A R Y ------------

Command Line: -ea -Didea.test.cyclic.buffer.size=1048576 -javaagent:C:\Program Files\JetBrains\IntelliJ IDEA 2023.2\lib\idea_rt.jar=55110:C:\Program Files\JetBrains\IntelliJ IDEA 2023.2\bin -Dfile.encoding=UTF-8 com.intellij.rt.junit.JUnitStarter -ideVersion5 -junit5 controller.ControllerTest,deleteUserTest

Host: 12th Gen Intel(R) Core(TM) i5-12500H, 16 cores, 7G,  Windows 10 , 64 bit Build 19041 (10.0.19041.3155)
Time: Mon Aug 21 21:53:08 2023 RTZ 2 (s 10 , 64 bit Build 19041 (10.0.19041.3155) elapsed time: 0.015111 seconds (0d 0h 0m 0s)

---------------  T H R E A D  ---------------

Current thread (0x000002a52b7ab070):  JavaThread "Unknown thread" [_thread_in_vm, id=34512, stack(0x000000fdb2a00000,0x000000fdb2b00000)]

Stack: [0x000000fdb2a00000,0x000000fdb2b00000]
Native frames: (J=compiled Java code, j=interpreted, Vv=VM code, C=native code)
V  [jvm.dll+0x677d0a]
V  [jvm.dll+0x7d8c54]
V  [jvm.dll+0x7da3fe]
V  [jvm.dll+0x7daa63]
V  [jvm.dll+0x245c5f]
V  [jvm.dll+0x674bb9]
V  [jvm.dll+0x6694f2]
V  [jvm.dll+0x3031d6]
V  [jvm.dll+0x30a756]
V  [jvm.dll+0x359f9e]
V  [jvm.dll+0x35a1cf]
V  [jvm.dll+0x2da3e8]
V  [jvm.dll+0x2db354]
V  [jvm.dll+0x7aa711]
V  [jvm.dll+0x367b51]
V  [jvm.dll+0x789979]
V  [jvm.dll+0x3eb05f]
V  [jvm.dll+0x3ecae1]
C  [jli.dll+0x5297]
C  [ucrtbase.dll+0x21bb2]
C  [KERNEL32.DLL+0x17614]
C  [ntdll.dll+0x526b1]


---------------  P R O C E S S  ---------------

Threads class SMR info:
_java_thread_list=0x00007ffdb96e59d8, length=0, elements={
}

Java Threads: ( => current thread )

Other Threads:
  0x000002a52b806e10 GCTaskThread "GC Thread#0" [stack: 0x000000fdb2b00000,0x000000fdb2c00000] [id=25976]
  0x000002a52b817450 ConcurrentGCThread "G1 Main Marker" [stack: 0x000000fdb2c00000,0x000000fdb2d00000] [id=30928]
  0x000002a52b818600 ConcurrentGCThread "G1 Conc#0" [stack: 0x000000fdb2d00000,0x000000fdb2e00000] [id=22076]

[error occurred during error reporting (printing all threads), id 0xc0000005, EXCEPTION_ACCESS_VIOLATION (0xc0000005) at pc=0x00007ffdb8f1b047]

VM state: not at safepoint (not fully initialized)

VM Mutex/Monitor currently owned by a thread:  ([mutex/lock_event])
[0x000002a52b7a6cb0] Heap_lock - owner thread: 0x000002a52b7ab070

Heap address: 0x0000000084800000, size: 1976 MB, Compressed Oops mode: 32-bit

CDS archive(s) mapped at: [0x0000000000000000-0x0000000000000000-0x0000000000000000), size 0, SharedBaseAddress: 0x0000000800000000, ArchiveRelocationMode: 1.
Narrow klass base: 0x0000000000000000, Narrow klass shift: 0, Narrow klass range: 0x0

GC Precious Log:
<Empty>

Heap:
 garbage-first heap   total 0K, used 0K [0x0000000084800000, 0x0000000100000000)
  region size 1024K, 0 young (0K), 0 survivors (0K)

[error occurred during error reporting (printing heap information), id 0xc0000005, EXCEPTION_ACCESS_VIOLATION (0xc0000005) at pc=0x00007ffdb9301499]

GC Heap History (0 events):
No events

Deoptimization events (0 events):
No events

Classes unloaded (0 events):
No events

Classes redefined (0 events):
No events

Internal exceptions (0 events):
No events

VM Operations (0 events):
No events

Events (1 events):
Event: 0.010 Loaded shared library C:\Program Files\Java\jdk-17\bin\java.dll


Dynamic libraries:
0x00007ff7f8670000 - 0x00007ff7f8680000 	C:\Program Files\Java\jdk-17\bin\java.exe
0x00007ffdf2f90000 - 0x00007ffdf3188000 	C:\Windows\SYSTEM32\ntdll.dll
0x00007ffdf1940000 - 0x00007ffdf19ff000 	C:\Windows\System32\KERNEL32.DLL
0x00007ffdf0b00000 - 0x00007ffdf0df6000 	C:\Windows\System32\KERNELBASE.dll
0x00007ffdf0e50000 - 0x00007ffdf0f50000 	C:\Windows\System32\ucrtbase.dll
0x00007ffddcbf0000 - 0x00007ffddcc0b000 	C:\Program Files\Java\jdk-17\bin\VCRUNTIME140.dll
0x00007ffde0400000 - 0x00007ffde0419000 	C:\Program Files\Java\jdk-17\bin\jli.dll
0x00007ffdf1a60000 - 0x00007ffdf1b0f000 	C:\Windows\System32\ADVAPI32.dll
0x00007ffdf2d80000 - 0x00007ffdf2e1e000 	C:\Windows\System32\msvcrt.dll
0x00007ffdf1de0000 - 0x00007ffdf1e7c000 	C:\Windows\System32\sechost.dll
0x00007ffdf1000000 - 0x00007ffdf1126000 	C:\Windows\System32\RPCRT4.dll
0x00007ffdf2be0000 - 0x00007ffdf2d7d000 	C:\Windows\System32\USER32.dll
0x00007ffdf0ad0000 - 0x00007ffdf0af2000 	C:\Windows\System32\win32u.dll
0x00007ffdf1bf0000 - 0x00007ffdf1c1c000 	C:\Windows\System32\GDI32.dll
0x00007ffde5280000 - 0x00007ffde551a000 	C:\Windows\WinSxS\amd64_microsoft.windows.common-controls_6595b64144ccf1df_6.0.19041.1110_none_60b5254171f9507e\COMCTL32.dll
0x00007ffdf0720000 - 0x00007ffdf0835000 	C:\Windows\System32\gdi32full.dll
0x00007ffdf0f50000 - 0x00007ffdf0fed000 	C:\Windows\System32\msvcp_win.dll
0x00007ffde70a0000 - 0x00007ffde70aa000 	C:\Windows\SYSTEM32\VERSION.dll
0x00007ffdf1890000 - 0x00007ffdf18c0000 	C:\Windows\System32\IMM32.DLL
0x00007ffde1c10000 - 0x00007ffde1c1c000 	C:\Program Files\Java\jdk-17\bin\vcruntime140_1.dll
0x00007ffdd2220000 - 0x00007ffdd22ae000 	C:\Program Files\Java\jdk-17\bin\msvcp140.dll
0x00007ffdb8c30000 - 0x00007ffdb980e000 	C:\Program Files\Java\jdk-17\bin\server\jvm.dll
0x00007ffdf0ff0000 - 0x00007ffdf0ff8000 	C:\Windows\System32\PSAPI.DLL
0x00007ffdea8e0000 - 0x00007ffdea8e9000 	C:\Windows\SYSTEM32\WSOCK32.dll
0x00007ffdf18d0000 - 0x00007ffdf193b000 	C:\Windows\System32\WS2_32.dll
0x00007ffde4b10000 - 0x00007ffde4b37000 	C:\Windows\SYSTEM32\WINMM.dll
0x00007ffdeeeb0000 - 0x00007ffdeeec2000 	C:\Windows\SYSTEM32\kernel.appcore.dll
0x00007ffde1bc0000 - 0x00007ffde1bca000 	C:\Program Files\Java\jdk-17\bin\jimage.dll
0x00007ffdee1d0000 - 0x00007ffdee3b4000 	C:\Windows\SYSTEM32\DBGHELP.DLL
0x00007ffddac60000 - 0x00007ffddac94000 	C:\Windows\SYSTEM32\dbgcore.DLL
0x00007ffdf0840000 - 0x00007ffdf08c2000 	C:\Windows\System32\bcryptPrimitives.dll
0x00007ffde1cd0000 - 0x00007ffde1cde000 	C:\Program Files\Java\jdk-17\bin\instrument.dll
0x00007ffdd5220000 - 0x00007ffdd5245000 	C:\Program Files\Java\jdk-17\bin\java.dll

dbghelp: loaded successfully - version: 4.0.5 - missing functions: none
symbol engine: initialized successfully - sym options: 0x614 - pdb path: .;C:\Program Files\Java\jdk-17\bin;C:\Windows\SYSTEM32;C:\Windows\WinSxS\amd64_microsoft.windows.common-controls_6595b64144ccf1df_6.0.19041.1110_none_60b5254171f9507e;C:\Program Files\Java\jdk-17\bin\server

VM Arguments:
jvm_args: -ea -Didea.test.cyclic.buffer.size=1048576 -javaagent:C:\Program Files\JetBrains\IntelliJ IDEA 2023.2\lib\idea_rt.jar=55110:C:\Program Files\JetBrains\IntelliJ IDEA 2023.2\bin -Dfile.encoding=UTF-8 
java_command: com.intellij.rt.junit.JUnitStarter -ideVersion5 -junit5 controller.ControllerTest,deleteUserTest
java_class_path (initial): C:\Users\tolst\.m2\repository\org\junit\platform\junit-platform-launcher\1.9.0\junit-platform-launcher-1.9.0.jar;C:\Program Files\JetBrains\IntelliJ IDEA 2023.2\lib\idea_rt.jar;C:\Program Files\JetBrains\IntelliJ IDEA 2023.2\plugins\junit\lib\junit5-rt.jar;C:\Program Files\JetBrains\IntelliJ IDEA 2023.2\plugins\junit\lib\junit-rt.jar;C:\Users\tolst\IdeaProjects\p_ss_bank_20000\authorization\target\test-classes;C:\Users\tolst\IdeaProjects\p_ss_bank_20000\authorization\target\classes;C:\Users\tolst\.m2\repository\org\springframework\boot\spring-boot-starter-security\2.7.5\spring-boot-starter-security-2.7.5.jar;C:\Users\tolst\.m2\repository\org\springframework\boot\spring-boot-starter\2.7.5\spring-boot-starter-2.7.5.jar;C:\Users\tolst\.m2\repository\org\springframework\boot\spring-boot\2.7.5\spring-boot-2.7.5.jar;C:\Users\tolst\.m2\repository\org\springframework\boot\spring-boot-autoconfigure\2.7.5\spring-boot-autoconfigure-2.7.5.jar;C:\Users\tolst\.m2\repository\org\springframework\boot\spring-boot-starter-logging\2.7.5\spring-boot-starter-logging-2.7.5.jar;C:\Users\tolst\.m2\repository\ch\qos\logback\logback-classic\1.2.11\logback-classic-1.2.11.jar;C:\Users\tolst\.m2\repository\ch\qos\logback\logback-core\1.2.11\logback-core-1.2.11.jar;C:\Users\tolst\.m2\repository\org\apache\logging\log4j\log4j-to-slf4j\2.17.2\log4j-to-slf4j-2.17.2.jar;C:\Users\tolst\.m2\repository\org\apache\logging\log4j\log4j-api\2.17.2\log4j-api-2.17.2.jar;C:\Users\tolst\.m2\repository\org\slf4j\jul-to-slf4j\1.7.36\jul-to-slf4j-1.7.36.jar;C:\Users\tolst\.m2\repository\jakarta\annotation\jakarta.annotation-api\1.3.5\jakarta.annotation-api-1.3.5.jar;C:\Users\tolst\.m2\repository\org\yaml\snakeyaml\1.30\snakeyaml-1.30.jar;C:\Users\tolst\.m2\repository\org\springframework\spring-aop\5.3.23\spring-aop-5.3.23.jar;C:\Users\tolst\.m2\repository\org\springframework\spring-beans\5.3.23\spring-beans-5.3.23.jar;C:\Users\tolst\.m2\repository\org\springframework\security\spring-s
Launcher Type: SUN_STANDARD

[Global flags]
     intx CICompilerCount                          = 12                                        {product} {ergonomic}
     uint ConcGCThreads                            = 3                                         {product} {ergonomic}
     uint G1ConcRefinementThreads                  = 13                                        {product} {ergonomic}
   size_t G1HeapRegionSize                         = 1048576                                   {product} {ergonomic}
    uintx GCDrainStackTargetSize                   = 64                                        {product} {ergonomic}
   size_t InitialHeapSize                          = 130023424                                 {product} {ergonomic}
   size_t MarkStackSize                            = 4194304                                   {product} {ergonomic}
   size_t MaxHeapSize                              = 2071986176                                {product} {ergonomic}
   size_t MinHeapDeltaBytes                        = 1048576                                   {product} {ergonomic}
   size_t MinHeapSize                              = 8388608                                   {product} {ergonomic}
    uintx NonNMethodCodeHeapSize                   = 7602480                                {pd product} {ergonomic}
    uintx NonProfiledCodeHeapSize                  = 122027880                              {pd product} {ergonomic}
    uintx ProfiledCodeHeapSize                     = 122027880                              {pd product} {ergonomic}
    uintx ReservedCodeCacheSize                    = 251658240                              {pd product} {ergonomic}
     bool SegmentedCodeCache                       = true                                      {product} {ergonomic}
   size_t SoftMaxHeapSize                          = 2071986176                             {manageable} {ergonomic}
     bool UseCompressedClassPointers               = true                           {product lp64_product} {ergonomic}
     bool UseCompressedOops                        = true                           {product lp64_product} {ergonomic}
     bool UseG1GC                                  = true                                      {product} {ergonomic}
     bool UseLargePagesIndividualAllocation        = false                                  {pd product} {ergonomic}

Logging:
Log output configuration:
 #0: stdout all=warning uptime,level,tags
 #1: stderr all=off uptime,level,tags

Environment Variables:
JAVA_HOME=C:\Program Files\Java\jdk-17
PATH=C:\Program Files\Common Files\Oracle\Java\javapath;C:\Windows\system32;C:\Windows;C:\Windows\System32\Wbem;C:\Windows\System32\WindowsPowerShell\v1.0\;C:\Windows\System32\OpenSSH\;C:\Program Files\Java\jdk-17\bin;C:\Program Files\Docker\Docker\resources\bin;C:\Program Files\Git\cmd;C:\Users\tolst\AppData\Local\Microsoft\WindowsApps;
USERNAME=tolst
OS=Windows_NT
PROCESSOR_IDENTIFIER=Intel64 Family 6 Model 154 Stepping 3, GenuineIntel



---------------  S Y S T E M  ---------------

OS:
 Windows 10 , 64 bit Build 19041 (10.0.19041.3155)
OS uptime: 1 days 11:52 hours
Hyper-V role detected

CPU: total 16 (initial active 16) (8 cores per cpu, 2 threads per core) family 6 model 154 stepping 3 microcode 0x41f, cx8, cmov, fxsr, ht, mmx, 3dnowpref, sse, sse2, sse3, ssse3, sse4.1, sse4.2, popcnt, lzcnt, tsc, tscinvbit, avx, avx2, aes, erms, clmul, bmi1, bmi2, adx, sha, fma, vzeroupper, clflush, clflushopt, clwb, hv

Memory: 4k page, system-wide physical 7896M (423M free)
TotalPageFile size 24065M (AvailPageFile size 37M)
current process WorkingSet (physical memory assigned to process): 10M, peak: 10M
current process commit charge ("private bytes"): 70M, peak: 194M

vm_info: Java HotSpot(TM) 64-Bit Server VM (17.0.8+9-LTS-211) for windows-amd64 JRE (17.0.8+9-LTS-211), built on Jun 14 2023 10:34:31 by "mach5one" with MS VC++ 17.1 (VS2022)

END.
